0 info it worked if it ends with ok
1 verbose cli [ 'C:\\Program Files\\nodejs\\node.exe',
1 verbose cli   'C:\\Users\\Nadia\\AppData\\Roaming\\npm\\node_modules\\npm\\bin\\npm-cli.js',
1 verbose cli   'start' ]
2 info using npm@3.10.9
3 info using node@v4.6.1
4 verbose run-script [ 'prestart', 'start', 'poststart' ]
5 info lifecycle nodejsproject@1.0.0~prestart: nodejsproject@1.0.0
6 silly lifecycle nodejsproject@1.0.0~prestart: no script for prestart, continuing
7 info lifecycle nodejsproject@1.0.0~start: nodejsproject@1.0.0
8 verbose lifecycle nodejsproject@1.0.0~start: unsafe-perm in lifecycle true
9 verbose lifecycle nodejsproject@1.0.0~start: PATH: C:\Users\Nadia\AppData\Roaming\npm\node_modules\npm\bin\node-gyp-bin;C:\Users\Nadia\Documents\ECE Cours\Async server\Projets\nodejsproject\node_modules\.bin;C:\cygwin64\usr\local\bin;C:\cygwin64\bin;C:\ProgramData\Oracle\Java\javapath;C:\Windows\system32;C:\Windows;C:\Windows\System32\Wbem;C:\Windows\System32\WindowsPowerShell\v1.0;C:\Program Files\nodejs;C:\Program Files\Git\cmd;C:\Program Files (x86)\Skype\Phone;C:\Program Files (x86)\Windows Kits\8.1\Windows Performance Toolkit;C:\Program Files (x86)\Gow\bin;C:\Python27;C:\Program Files\Java\jdk1.8.0_111\bin;C:\Users\Nadia\AppData\Local\atom\bin;C:\Users\Nadia\AppData\Roaming\npm
10 verbose lifecycle nodejsproject@1.0.0~start: CWD: C:\Users\Nadia\Documents\ECE Cours\Async server\Projets\nodejsproject
11 silly lifecycle nodejsproject@1.0.0~start: Args: [ '/d /s /c', 'nodemon src/app.coffee' ]
12 silly lifecycle nodejsproject@1.0.0~start: Returned: code: 3221225786  signal: null
13 info lifecycle nodejsproject@1.0.0~start: Failed to exec start script
14 verbose stack Error: nodejsproject@1.0.0 start: `nodemon src/app.coffee`
14 verbose stack Exit status 3221225786
14 verbose stack     at EventEmitter.<anonymous> (C:\Users\Nadia\AppData\Roaming\npm\node_modules\npm\lib\utils\lifecycle.js:255:16)
14 verbose stack     at emitTwo (events.js:87:13)
14 verbose stack     at EventEmitter.emit (events.js:172:7)
14 verbose stack     at ChildProcess.<anonymous> (C:\Users\Nadia\AppData\Roaming\npm\node_modules\npm\lib\utils\spawn.js:40:14)
14 verbose stack     at emitTwo (events.js:87:13)
14 verbose stack     at ChildProcess.emit (events.js:172:7)
14 verbose stack     at maybeClose (internal/child_process.js:829:16)
14 verbose stack     at Process.ChildProcess._handle.onexit (internal/child_process.js:211:5)
15 verbose pkgid nodejsproject@1.0.0
16 verbose cwd C:\Users\Nadia\Documents\ECE Cours\Async server\Projets\nodejsproject
17 error Windows_NT 6.3.9600
18 error argv "C:\\Program Files\\nodejs\\node.exe" "C:\\Users\\Nadia\\AppData\\Roaming\\npm\\node_modules\\npm\\bin\\npm-cli.js" "start"
19 error node v4.6.1
20 error npm  v3.10.9
21 error code ELIFECYCLE
22 error nodejsproject@1.0.0 start: `nodemon src/app.coffee`
22 error Exit status 3221225786
23 error Failed at the nodejsproject@1.0.0 start script 'nodemon src/app.coffee'.
23 error Make sure you have the latest version of node.js and npm installed.
23 error If you do, this is most likely a problem with the nodejsproject package,
23 error not with npm itself.
23 error Tell the author that this fails on your system:
23 error     nodemon src/app.coffee
23 error You can get information on how to open an issue for this project with:
23 error     npm bugs nodejsproject
23 error Or if that isn't available, you can get their info via:
23 error     npm owner ls nodejsproject
23 error There is likely additional logging output above.
24 verbose exit [ 1, true ]
